{"/Users/kevinwynn/Code/disco/src/api/discogs.ts": {"path":"/Users/kevinwynn/Code/disco/src/api/discogs.ts","statementMap":{"0":{"start":{"line":1,"column":17},"end":{"line":1,"column":null}},"1":{"start":{"line":3,"column":20},"end":{"line":14,"column":null}},"2":{"start":{"line":4,"column":14},"end":{"line":11,"column":null}},"3":{"start":{"line":13,"column":2},"end":{"line":13,"column":null}},"4":{"start":{"line":16,"column":25},"end":{"line":19,"column":null}},"5":{"start":{"line":17,"column":21},"end":{"line":17,"column":null}},"6":{"start":{"line":18,"column":2},"end":{"line":18,"column":null}},"7":{"start":{"line":21,"column":26},"end":{"line":24,"column":null}},"8":{"start":{"line":22,"column":21},"end":{"line":22,"column":null}},"9":{"start":{"line":23,"column":2},"end":{"line":23,"column":null}},"10":{"start":{"line":26,"column":33},"end":{"line":29,"column":null}},"11":{"start":{"line":27,"column":22},"end":{"line":27,"column":null}},"12":{"start":{"line":28,"column":2},"end":{"line":28,"column":null}},"13":{"start":{"line":31,"column":22},"end":{"line":34,"column":null}},"14":{"start":{"line":32,"column":20},"end":{"line":32,"column":null}},"15":{"start":{"line":33,"column":2},"end":{"line":33,"column":null}},"16":{"start":{"line":36,"column":27},"end":{"line":48,"column":null}},"17":{"start":{"line":43,"column":16},"end":{"line":43,"column":null}},"18":{"start":{"line":44,"column":20},"end":{"line":46,"column":null}},"19":{"start":{"line":47,"column":2},"end":{"line":47,"column":null}}},"fnMap":{"0":{"name":"(anonymous_0)","decl":{"start":{"line":3,"column":20},"end":{"line":3,"column":27}},"loc":{"start":{"line":3,"column":75},"end":{"line":14,"column":null}},"line":3},"1":{"name":"(anonymous_1)","decl":{"start":{"line":16,"column":25},"end":{"line":16,"column":32}},"loc":{"start":{"line":16,"column":59},"end":{"line":19,"column":null}},"line":16},"2":{"name":"(anonymous_2)","decl":{"start":{"line":21,"column":26},"end":{"line":21,"column":33}},"loc":{"start":{"line":21,"column":60},"end":{"line":24,"column":null}},"line":21},"3":{"name":"(anonymous_3)","decl":{"start":{"line":26,"column":33},"end":{"line":26,"column":40}},"loc":{"start":{"line":26,"column":67},"end":{"line":29,"column":null}},"line":26},"4":{"name":"(anonymous_4)","decl":{"start":{"line":31,"column":22},"end":{"line":31,"column":29}},"loc":{"start":{"line":31,"column":62},"end":{"line":34,"column":null}},"line":31},"5":{"name":"(anonymous_5)","decl":{"start":{"line":36,"column":27},"end":{"line":36,"column":34}},"loc":{"start":{"line":42,"column":6},"end":{"line":48,"column":null}},"line":42}},"branchMap":{"0":{"loc":{"start":{"line":43,"column":16},"end":{"line":43,"column":null}},"type":"cond-expr","locations":[{"start":{"line":43,"column":25},"end":{"line":43,"column":48}},{"start":{"line":43,"column":48},"end":{"line":43,"column":null}}],"line":43}},"s":{"0":1,"1":1,"2":7,"3":7,"4":1,"5":1,"6":1,"7":1,"8":1,"9":1,"10":1,"11":1,"12":1,"13":1,"14":1,"15":1,"16":1,"17":3,"18":3,"19":3},"f":{"0":7,"1":1,"2":1,"3":1,"4":1,"5":3},"b":{"0":[1,2]},"meta":{"lastBranch":1,"lastFunction":6,"lastStatement":20,"seen":{"s:1:17:1:Infinity":0,"s:3:20:14:Infinity":1,"f:3:20:3:27":0,"s:4:14:11:Infinity":2,"s:13:2:13:Infinity":3,"s:16:25:19:Infinity":4,"f:16:25:16:32":1,"s:17:21:17:Infinity":5,"s:18:2:18:Infinity":6,"s:21:26:24:Infinity":7,"f:21:26:21:33":2,"s:22:21:22:Infinity":8,"s:23:2:23:Infinity":9,"s:26:33:29:Infinity":10,"f:26:33:26:40":3,"s:27:22:27:Infinity":11,"s:28:2:28:Infinity":12,"s:31:22:34:Infinity":13,"f:31:22:31:29":4,"s:32:20:32:Infinity":14,"s:33:2:33:Infinity":15,"s:36:27:48:Infinity":16,"f:36:27:36:34":5,"s:43:16:43:Infinity":17,"b:43:25:43:48:43:48:43:Infinity":0,"s:44:20:46:Infinity":18,"s:47:2:47:Infinity":19}}}
,"/Users/kevinwynn/Code/disco/src/db/albums.ts": {"path":"/Users/kevinwynn/Code/disco/src/db/albums.ts","statementMap":{"0":{"start":{"line":6,"column":25},"end":{"line":48,"column":null}},"1":{"start":{"line":16,"column":2},"end":{"line":35,"column":null}},"2":{"start":{"line":17,"column":24},"end":{"line":20,"column":null}},"3":{"start":{"line":22,"column":4},"end":{"line":34,"column":null}},"4":{"start":{"line":24,"column":6},"end":{"line":24,"column":null}},"5":{"start":{"line":27,"column":29},"end":{"line":31,"column":null}},"6":{"start":{"line":33,"column":6},"end":{"line":33,"column":null}},"7":{"start":{"line":37,"column":13},"end":{"line":40,"column":null}},"8":{"start":{"line":42,"column":2},"end":{"line":45,"column":null}},"9":{"start":{"line":43,"column":27},"end":{"line":43,"column":null}},"10":{"start":{"line":44,"column":4},"end":{"line":44,"column":null}},"11":{"start":{"line":47,"column":2},"end":{"line":47,"column":null}}},"fnMap":{"0":{"name":"(anonymous_0)","decl":{"start":{"line":6,"column":25},"end":{"line":6,"column":32}},"loc":{"start":{"line":14,"column":6},"end":{"line":48,"column":null}},"line":14}},"branchMap":{"0":{"loc":{"start":{"line":20,"column":35},"end":{"line":20,"column":49}},"type":"binary-expr","locations":[{"start":{"line":20,"column":35},"end":{"line":20,"column":48}},{"start":{"line":20,"column":48},"end":{"line":20,"column":49}}],"line":20},"1":{"loc":{"start":{"line":22,"column":4},"end":{"line":34,"column":null}},"type":"if","locations":[{"start":{"line":22,"column":4},"end":{"line":34,"column":null}},{"start":{"line":25,"column":11},"end":{"line":34,"column":null}}],"line":22}},"s":{"0":1,"1":3,"2":3,"3":3,"4":1,"5":2,"6":2,"7":3,"8":3,"9":3,"10":3,"11":3},"f":{"0":3},"b":{"0":[3,0],"1":[1,2]},"meta":{"lastBranch":2,"lastFunction":1,"lastStatement":12,"seen":{"s:6:25:48:Infinity":0,"f:6:25:6:32":0,"s:16:2:35:Infinity":1,"s:17:24:20:Infinity":2,"b:20:35:20:48:20:48:20:49":0,"b:22:4:34:Infinity:25:11:34:Infinity":1,"s:22:4:34:Infinity":3,"s:24:6:24:Infinity":4,"s:27:29:31:Infinity":5,"s:33:6:33:Infinity":6,"s:37:13:40:Infinity":7,"s:42:2:45:Infinity":8,"s:43:27:43:Infinity":9,"s:44:4:44:Infinity":10,"s:47:2:47:Infinity":11}}}
,"/Users/kevinwynn/Code/disco/src/db/index.ts": {"path":"/Users/kevinwynn/Code/disco/src/db/index.ts","statementMap":{"0":{"start":{"line":5,"column":15},"end":{"line":5,"column":null}},"1":{"start":{"line":6,"column":13},"end":{"line":6,"column":null}},"2":{"start":{"line":8,"column":0},"end":{"line":8,"column":null}}},"fnMap":{},"branchMap":{},"s":{"0":0,"1":0,"2":0},"f":{},"b":{},"meta":{"lastBranch":0,"lastFunction":0,"lastStatement":3,"seen":{"s:5:15:5:Infinity":0,"s:6:13:6:Infinity":1,"s:8:0:8:Infinity":2}}}
,"/Users/kevinwynn/Code/disco/src/db/schema.ts": {"path":"/Users/kevinwynn/Code/disco/src/db/schema.ts","statementMap":{"0":{"start":{"line":4,"column":13},"end":{"line":16,"column":null}},"1":{"start":{"line":15,"column":22},"end":{"line":15,"column":32}},"2":{"start":{"line":18,"column":13},"end":{"line":24,"column":null}},"3":{"start":{"line":26,"column":13},"end":{"line":34,"column":null}},"4":{"start":{"line":33,"column":22},"end":{"line":33,"column":31}}},"fnMap":{"0":{"name":"(anonymous_0)","decl":{"start":{"line":15,"column":16},"end":{"line":15,"column":22}},"loc":{"start":{"line":15,"column":22},"end":{"line":15,"column":32}},"line":15},"1":{"name":"(anonymous_1)","decl":{"start":{"line":33,"column":16},"end":{"line":33,"column":22}},"loc":{"start":{"line":33,"column":22},"end":{"line":33,"column":31}},"line":33}},"branchMap":{},"s":{"0":0,"1":0,"2":0,"3":0,"4":0},"f":{"0":0,"1":0},"b":{},"meta":{"lastBranch":0,"lastFunction":2,"lastStatement":5,"seen":{"s:4:13:16:Infinity":0,"f:15:16:15:22":0,"s:15:22:15:32":1,"s:18:13:24:Infinity":2,"s:26:13:34:Infinity":3,"f:33:16:33:22":1,"s:33:22:33:31":4}}}
,"/Users/kevinwynn/Code/disco/src/pages/api/album.ts": {"path":"/Users/kevinwynn/Code/disco/src/pages/api/album.ts","statementMap":{"0":{"start":{"line":7,"column":26},"end":{"line":8,"column":null}},"1":{"start":{"line":8,"column":2},"end":{"line":8,"column":null}},"2":{"start":{"line":8,"column":25},"end":{"line":8,"column":63}},"3":{"start":{"line":11,"column":23},"end":{"line":15,"column":null}},"4":{"start":{"line":12,"column":15},"end":{"line":12,"column":null}},"5":{"start":{"line":13,"column":15},"end":{"line":13,"column":null}},"6":{"start":{"line":14,"column":2},"end":{"line":14,"column":null}},"7":{"start":{"line":18,"column":30},"end":{"line":31,"column":null}},"8":{"start":{"line":22,"column":2},"end":{"line":22,"column":null}},"9":{"start":{"line":22,"column":30},"end":{"line":22,"column":null}},"10":{"start":{"line":23,"column":26},"end":{"line":23,"column":null}},"11":{"start":{"line":24,"column":24},"end":{"line":26,"column":null}},"12":{"start":{"line":25,"column":4},"end":{"line":25,"column":null}},"13":{"start":{"line":27,"column":2},"end":{"line":29,"column":null}},"14":{"start":{"line":28,"column":4},"end":{"line":28,"column":null}},"15":{"start":{"line":30,"column":2},"end":{"line":30,"column":null}},"16":{"start":{"line":34,"column":37},"end":{"line":103,"column":null}},"17":{"start":{"line":40,"column":18},"end":{"line":40,"column":null}},"18":{"start":{"line":41,"column":15},"end":{"line":41,"column":null}},"19":{"start":{"line":44,"column":2},"end":{"line":46,"column":null}},"20":{"start":{"line":45,"column":4},"end":{"line":45,"column":null}},"21":{"start":{"line":49,"column":2},"end":{"line":62,"column":null}},"22":{"start":{"line":50,"column":4},"end":{"line":61,"column":null}},"23":{"start":{"line":51,"column":26},"end":{"line":51,"column":null}},"24":{"start":{"line":52,"column":6},"end":{"line":54,"column":null}},"25":{"start":{"line":53,"column":8},"end":{"line":53,"column":null}},"26":{"start":{"line":56,"column":6},"end":{"line":58,"column":null}},"27":{"start":{"line":57,"column":8},"end":{"line":57,"column":null}},"28":{"start":{"line":60,"column":6},"end":{"line":60,"column":null}},"29":{"start":{"line":65,"column":2},"end":{"line":89,"column":null}},"30":{"start":{"line":66,"column":25},"end":{"line":66,"column":null}},"31":{"start":{"line":67,"column":4},"end":{"line":86,"column":null}},"32":{"start":{"line":68,"column":6},"end":{"line":85,"column":null}},"33":{"start":{"line":69,"column":8},"end":{"line":69,"column":null}},"34":{"start":{"line":69,"column":52},"end":{"line":69,"column":null}},"35":{"start":{"line":70,"column":8},"end":{"line":84,"column":null}},"36":{"start":{"line":71,"column":30},"end":{"line":71,"column":null}},"37":{"start":{"line":72,"column":10},"end":{"line":77,"column":null}},"38":{"start":{"line":76,"column":12},"end":{"line":76,"column":null}},"39":{"start":{"line":79,"column":10},"end":{"line":81,"column":null}},"40":{"start":{"line":80,"column":12},"end":{"line":80,"column":null}},"41":{"start":{"line":83,"column":10},"end":{"line":83,"column":null}},"42":{"start":{"line":88,"column":4},"end":{"line":88,"column":null}},"43":{"start":{"line":92,"column":2},"end":{"line":100,"column":null}},"44":{"start":{"line":93,"column":4},"end":{"line":99,"column":null}},"45":{"start":{"line":94,"column":6},"end":{"line":96,"column":null}},"46":{"start":{"line":95,"column":8},"end":{"line":95,"column":null}},"47":{"start":{"line":97,"column":28},"end":{"line":97,"column":null}},"48":{"start":{"line":98,"column":6},"end":{"line":98,"column":null}},"49":{"start":{"line":102,"column":2},"end":{"line":102,"column":null}},"50":{"start":{"line":105,"column":30},"end":{"line":141,"column":null}},"51":{"start":{"line":106,"column":15},"end":{"line":106,"column":null}},"52":{"start":{"line":109,"column":28},"end":{"line":114,"column":null}},"53":{"start":{"line":116,"column":23},"end":{"line":129,"column":null}},"54":{"start":{"line":130,"column":18},"end":{"line":134,"column":null}},"55":{"start":{"line":135,"column":2},"end":{"line":140,"column":null}}},"fnMap":{"0":{"name":"(anonymous_0)","decl":{"start":{"line":7,"column":26},"end":{"line":7,"column":27}},"loc":{"start":{"line":8,"column":2},"end":{"line":8,"column":null}},"line":8},"1":{"name":"(anonymous_1)","decl":{"start":{"line":8,"column":18},"end":{"line":8,"column":19}},"loc":{"start":{"line":8,"column":25},"end":{"line":8,"column":63}},"line":8},"2":{"name":"(anonymous_2)","decl":{"start":{"line":11,"column":23},"end":{"line":11,"column":24}},"loc":{"start":{"line":11,"column":52},"end":{"line":15,"column":null}},"line":11},"3":{"name":"(anonymous_3)","decl":{"start":{"line":18,"column":30},"end":{"line":18,"column":null}},"loc":{"start":{"line":21,"column":20},"end":{"line":31,"column":null}},"line":21},"4":{"name":"(anonymous_4)","decl":{"start":{"line":24,"column":36},"end":{"line":24,"column":37}},"loc":{"start":{"line":25,"column":4},"end":{"line":25,"column":null}},"line":25},"5":{"name":"(anonymous_5)","decl":{"start":{"line":34,"column":37},"end":{"line":34,"column":44}},"loc":{"start":{"line":39,"column":24},"end":{"line":103,"column":null}},"line":39},"6":{"name":"(anonymous_6)","decl":{"start":{"line":93,"column":25},"end":{"line":93,"column":26}},"loc":{"start":{"line":93,"column":36},"end":{"line":99,"column":5}},"line":93},"7":{"name":"(anonymous_7)","decl":{"start":{"line":105,"column":30},"end":{"line":105,"column":37}},"loc":{"start":{"line":105,"column":53},"end":{"line":141,"column":null}},"line":105}},"branchMap":{"0":{"loc":{"start":{"line":8,"column":25},"end":{"line":8,"column":63}},"type":"binary-expr","locations":[{"start":{"line":8,"column":25},"end":{"line":8,"column":39}},{"start":{"line":8,"column":39},"end":{"line":8,"column":63}}],"line":8},"1":{"loc":{"start":{"line":22,"column":2},"end":{"line":22,"column":null}},"type":"if","locations":[{"start":{"line":22,"column":2},"end":{"line":22,"column":null}},{"start":{},"end":{}}],"line":22},"2":{"loc":{"start":{"line":22,"column":6},"end":{"line":22,"column":30}},"type":"binary-expr","locations":[{"start":{"line":22,"column":6},"end":{"line":22,"column":17}},{"start":{"line":22,"column":17},"end":{"line":22,"column":30}}],"line":22},"3":{"loc":{"start":{"line":27,"column":2},"end":{"line":29,"column":null}},"type":"if","locations":[{"start":{"line":27,"column":2},"end":{"line":29,"column":null}},{"start":{},"end":{}}],"line":27},"4":{"loc":{"start":{"line":27,"column":6},"end":{"line":27,"column":51}},"type":"binary-expr","locations":[{"start":{"line":27,"column":6},"end":{"line":27,"column":23}},{"start":{"line":27,"column":23},"end":{"line":27,"column":51}}],"line":27},"5":{"loc":{"start":{"line":44,"column":2},"end":{"line":46,"column":null}},"type":"if","locations":[{"start":{"line":44,"column":2},"end":{"line":46,"column":null}},{"start":{},"end":{}}],"line":44},"6":{"loc":{"start":{"line":49,"column":2},"end":{"line":62,"column":null}},"type":"if","locations":[{"start":{"line":49,"column":2},"end":{"line":62,"column":null}},{"start":{},"end":{}}],"line":49},"7":{"loc":{"start":{"line":52,"column":6},"end":{"line":54,"column":null}},"type":"if","locations":[{"start":{"line":52,"column":6},"end":{"line":54,"column":null}},{"start":{},"end":{}}],"line":52},"8":{"loc":{"start":{"line":52,"column":10},"end":{"line":52,"column":78}},"type":"binary-expr","locations":[{"start":{"line":52,"column":10},"end":{"line":52,"column":36}},{"start":{"line":52,"column":36},"end":{"line":52,"column":78}}],"line":52},"9":{"loc":{"start":{"line":56,"column":6},"end":{"line":58,"column":null}},"type":"if","locations":[{"start":{"line":56,"column":6},"end":{"line":58,"column":null}},{"start":{},"end":{}}],"line":56},"10":{"loc":{"start":{"line":67,"column":4},"end":{"line":86,"column":null}},"type":"if","locations":[{"start":{"line":67,"column":4},"end":{"line":86,"column":null}},{"start":{},"end":{}}],"line":67},"11":{"loc":{"start":{"line":69,"column":8},"end":{"line":69,"column":null}},"type":"if","locations":[{"start":{"line":69,"column":8},"end":{"line":69,"column":null}},{"start":{},"end":{}}],"line":69},"12":{"loc":{"start":{"line":72,"column":10},"end":{"line":77,"column":null}},"type":"if","locations":[{"start":{"line":72,"column":10},"end":{"line":77,"column":null}},{"start":{},"end":{}}],"line":72},"13":{"loc":{"start":{"line":73,"column":12},"end":{"line":74,"column":null}},"type":"binary-expr","locations":[{"start":{"line":73,"column":12},"end":{"line":73,"column":null}},{"start":{"line":74,"column":12},"end":{"line":74,"column":null}}],"line":73},"14":{"loc":{"start":{"line":79,"column":10},"end":{"line":81,"column":null}},"type":"if","locations":[{"start":{"line":79,"column":10},"end":{"line":81,"column":null}},{"start":{},"end":{}}],"line":79},"15":{"loc":{"start":{"line":79,"column":14},"end":{"line":79,"column":46}},"type":"binary-expr","locations":[{"start":{"line":79,"column":14},"end":{"line":79,"column":25}},{"start":{"line":79,"column":25},"end":{"line":79,"column":46}}],"line":79},"16":{"loc":{"start":{"line":92,"column":2},"end":{"line":100,"column":null}},"type":"if","locations":[{"start":{"line":92,"column":2},"end":{"line":100,"column":null}},{"start":{},"end":{}}],"line":92},"17":{"loc":{"start":{"line":92,"column":6},"end":{"line":92,"column":35}},"type":"binary-expr","locations":[{"start":{"line":92,"column":6},"end":{"line":92,"column":16}},{"start":{"line":92,"column":16},"end":{"line":92,"column":35}}],"line":92},"18":{"loc":{"start":{"line":94,"column":6},"end":{"line":96,"column":null}},"type":"if","locations":[{"start":{"line":94,"column":6},"end":{"line":96,"column":null}},{"start":{},"end":{}}],"line":94},"19":{"loc":{"start":{"line":94,"column":10},"end":{"line":94,"column":58}},"type":"binary-expr","locations":[{"start":{"line":94,"column":10},"end":{"line":94,"column":28}},{"start":{"line":94,"column":28},"end":{"line":94,"column":58}}],"line":94},"20":{"loc":{"start":{"line":98,"column":13},"end":{"line":98,"column":null}},"type":"cond-expr","locations":[{"start":{"line":98,"column":29},"end":{"line":98,"column":69}},{"start":{"line":98,"column":69},"end":{"line":98,"column":null}}],"line":98},"21":{"loc":{"start":{"line":122,"column":6},"end":{"line":126,"column":null}},"type":"binary-expr","locations":[{"start":{"line":122,"column":6},"end":{"line":122,"column":null}},{"start":{"line":123,"column":6},"end":{"line":124,"column":null}},{"start":{"line":125,"column":6},"end":{"line":125,"column":null}},{"start":{"line":126,"column":6},"end":{"line":126,"column":null}}],"line":122}},"s":{"0":0,"1":0,"2":0,"3":0,"4":0,"5":0,"6":0,"7":0,"8":0,"9":0,"10":0,"11":0,"12":0,"13":0,"14":0,"15":0,"16":0,"17":0,"18":0,"19":0,"20":0,"21":0,"22":0,"23":0,"24":0,"25":0,"26":0,"27":0,"28":0,"29":0,"30":0,"31":0,"32":0,"33":0,"34":0,"35":0,"36":0,"37":0,"38":0,"39":0,"40":0,"41":0,"42":0,"43":0,"44":0,"45":0,"46":0,"47":0,"48":0,"49":0,"50":0,"51":0,"52":0,"53":0,"54":0,"55":0},"f":{"0":0,"1":0,"2":0,"3":0,"4":0,"5":0,"6":0,"7":0},"b":{"0":[0,0],"1":[0,0],"2":[0,0],"3":[0,0],"4":[0,0],"5":[0,0],"6":[0,0],"7":[0,0],"8":[0,0],"9":[0,0],"10":[0,0],"11":[0,0],"12":[0,0],"13":[0,0],"14":[0,0],"15":[0,0],"16":[0,0],"17":[0,0],"18":[0,0],"19":[0,0],"20":[0,0],"21":[0,0,0,0]},"meta":{"lastBranch":22,"lastFunction":8,"lastStatement":56,"seen":{"s:7:26:8:Infinity":0,"f:7:26:7:27":0,"s:8:2:8:Infinity":1,"f:8:18:8:19":1,"s:8:25:8:63":2,"b:8:25:8:39:8:39:8:63":0,"s:11:23:15:Infinity":3,"f:11:23:11:24":2,"s:12:15:12:Infinity":4,"s:13:15:13:Infinity":5,"s:14:2:14:Infinity":6,"s:18:30:31:Infinity":7,"f:18:30:18:Infinity":3,"b:22:2:22:Infinity:undefined:undefined:undefined:undefined":1,"s:22:2:22:Infinity":8,"b:22:6:22:17:22:17:22:30":2,"s:22:30:22:Infinity":9,"s:23:26:23:Infinity":10,"s:24:24:26:Infinity":11,"f:24:36:24:37":4,"s:25:4:25:Infinity":12,"b:27:2:29:Infinity:undefined:undefined:undefined:undefined":3,"s:27:2:29:Infinity":13,"b:27:6:27:23:27:23:27:51":4,"s:28:4:28:Infinity":14,"s:30:2:30:Infinity":15,"s:34:37:103:Infinity":16,"f:34:37:34:44":5,"s:40:18:40:Infinity":17,"s:41:15:41:Infinity":18,"b:44:2:46:Infinity:undefined:undefined:undefined:undefined":5,"s:44:2:46:Infinity":19,"s:45:4:45:Infinity":20,"b:49:2:62:Infinity:undefined:undefined:undefined:undefined":6,"s:49:2:62:Infinity":21,"s:50:4:61:Infinity":22,"s:51:26:51:Infinity":23,"b:52:6:54:Infinity:undefined:undefined:undefined:undefined":7,"s:52:6:54:Infinity":24,"b:52:10:52:36:52:36:52:78":8,"s:53:8:53:Infinity":25,"b:56:6:58:Infinity:undefined:undefined:undefined:undefined":9,"s:56:6:58:Infinity":26,"s:57:8:57:Infinity":27,"s:60:6:60:Infinity":28,"s:65:2:89:Infinity":29,"s:66:25:66:Infinity":30,"b:67:4:86:Infinity:undefined:undefined:undefined:undefined":10,"s:67:4:86:Infinity":31,"s:68:6:85:Infinity":32,"b:69:8:69:Infinity:undefined:undefined:undefined:undefined":11,"s:69:8:69:Infinity":33,"s:69:52:69:Infinity":34,"s:70:8:84:Infinity":35,"s:71:30:71:Infinity":36,"b:72:10:77:Infinity:undefined:undefined:undefined:undefined":12,"s:72:10:77:Infinity":37,"b:73:12:73:Infinity:74:12:74:Infinity":13,"s:76:12:76:Infinity":38,"b:79:10:81:Infinity:undefined:undefined:undefined:undefined":14,"s:79:10:81:Infinity":39,"b:79:14:79:25:79:25:79:46":15,"s:80:12:80:Infinity":40,"s:83:10:83:Infinity":41,"s:88:4:88:Infinity":42,"b:92:2:100:Infinity:undefined:undefined:undefined:undefined":16,"s:92:2:100:Infinity":43,"b:92:6:92:16:92:16:92:35":17,"s:93:4:99:Infinity":44,"f:93:25:93:26":6,"b:94:6:96:Infinity:undefined:undefined:undefined:undefined":18,"s:94:6:96:Infinity":45,"b:94:10:94:28:94:28:94:58":19,"s:95:8:95:Infinity":46,"s:97:28:97:Infinity":47,"s:98:6:98:Infinity":48,"b:98:29:98:69:98:69:98:Infinity":20,"s:102:2:102:Infinity":49,"s:105:30:141:Infinity":50,"f:105:30:105:37":7,"s:106:15:106:Infinity":51,"s:109:28:114:Infinity":52,"s:116:23:129:Infinity":53,"b:122:6:122:Infinity:123:6:124:Infinity:125:6:125:Infinity:126:6:126:Infinity":21,"s:130:18:134:Infinity":54,"s:135:2:140:Infinity":55}}}
,"/Users/kevinwynn/Code/disco/src/pages/api/resync-durations.ts": {"path":"/Users/kevinwynn/Code/disco/src/pages/api/resync-durations.ts","statementMap":{"0":{"start":{"line":12,"column":30},"end":{"line":273,"column":null}},"1":{"start":{"line":13,"column":2},"end":{"line":272,"column":null}},"2":{"start":{"line":15,"column":35},"end":{"line":22,"column":null}},"3":{"start":{"line":24,"column":4},"end":{"line":32,"column":null}},"4":{"start":{"line":25,"column":6},"end":{"line":31,"column":null}},"5":{"start":{"line":35,"column":27},"end":{"line":37,"column":null}},"6":{"start":{"line":36,"column":48},"end":{"line":36,"column":57}},"7":{"start":{"line":43,"column":8},"end":{"line":43,"column":null}},"8":{"start":{"line":44,"column":4},"end":{"line":61,"column":null}},"9":{"start":{"line":45,"column":24},"end":{"line":53,"column":null}},"10":{"start":{"line":55,"column":6},"end":{"line":60,"column":null}},"11":{"start":{"line":56,"column":8},"end":{"line":59,"column":null}},"12":{"start":{"line":63,"column":23},"end":{"line":63,"column":null}},"13":{"start":{"line":66,"column":42},"end":{"line":106,"column":null}},"14":{"start":{"line":70,"column":6},"end":{"line":70,"column":null}},"15":{"start":{"line":70,"column":23},"end":{"line":70,"column":null}},"16":{"start":{"line":72,"column":6},"end":{"line":103,"column":null}},"17":{"start":{"line":73,"column":30},"end":{"line":76,"column":null}},"18":{"start":{"line":78,"column":8},"end":{"line":78,"column":null}},"19":{"start":{"line":78,"column":45},"end":{"line":78,"column":null}},"20":{"start":{"line":81,"column":8},"end":{"line":100,"column":null}},"21":{"start":{"line":82,"column":10},"end":{"line":82,"column":null}},"22":{"start":{"line":82,"column":26},"end":{"line":82,"column":null}},"23":{"start":{"line":84,"column":30},"end":{"line":84,"column":null}},"24":{"start":{"line":85,"column":10},"end":{"line":85,"column":null}},"25":{"start":{"line":85,"column":41},"end":{"line":85,"column":65}},"26":{"start":{"line":87,"column":10},"end":{"line":87,"column":null}},"27":{"start":{"line":87,"column":39},"end":{"line":87,"column":null}},"28":{"start":{"line":90,"column":32},"end":{"line":95,"column":null}},"29":{"start":{"line":92,"column":14},"end":{"line":94,"column":null}},"30":{"start":{"line":97,"column":10},"end":{"line":99,"column":null}},"31":{"start":{"line":98,"column":12},"end":{"line":98,"column":null}},"32":{"start":{"line":102,"column":8},"end":{"line":102,"column":null}},"33":{"start":{"line":105,"column":6},"end":{"line":105,"column":null}},"34":{"start":{"line":109,"column":4},"end":{"line":252,"column":null}},"35":{"start":{"line":110,"column":24},"end":{"line":110,"column":null}},"36":{"start":{"line":111,"column":24},"end":{"line":111,"column":null}},"37":{"start":{"line":112,"column":25},"end":{"line":112,"column":null}},"38":{"start":{"line":115,"column":26},"end":{"line":117,"column":null}},"39":{"start":{"line":116,"column":15},"end":{"line":116,"column":null}},"40":{"start":{"line":120,"column":6},"end":{"line":140,"column":null}},"41":{"start":{"line":121,"column":8},"end":{"line":138,"column":null}},"42":{"start":{"line":122,"column":10},"end":{"line":122,"column":null}},"43":{"start":{"line":122,"column":33},"end":{"line":122,"column":null}},"44":{"start":{"line":124,"column":27},"end":{"line":127,"column":null}},"45":{"start":{"line":129,"column":10},"end":{"line":135,"column":null}},"46":{"start":{"line":130,"column":12},"end":{"line":133,"column":null}},"47":{"start":{"line":134,"column":12},"end":{"line":134,"column":null}},"48":{"start":{"line":137,"column":10},"end":{"line":137,"column":null}},"49":{"start":{"line":137,"column":41},"end":{"line":137,"column":66}},"50":{"start":{"line":139,"column":8},"end":{"line":139,"column":null}},"51":{"start":{"line":143,"column":25},"end":{"line":143,"column":null}},"52":{"start":{"line":144,"column":6},"end":{"line":144,"column":null}},"53":{"start":{"line":144,"column":23},"end":{"line":144,"column":null}},"54":{"start":{"line":147,"column":32},"end":{"line":148,"column":null}},"55":{"start":{"line":148,"column":8},"end":{"line":148,"column":null}},"56":{"start":{"line":148,"column":31},"end":{"line":148,"column":69}},"57":{"start":{"line":151,"column":29},"end":{"line":155,"column":null}},"58":{"start":{"line":152,"column":21},"end":{"line":152,"column":null}},"59":{"start":{"line":153,"column":21},"end":{"line":153,"column":null}},"60":{"start":{"line":154,"column":8},"end":{"line":154,"column":null}},"61":{"start":{"line":158,"column":36},"end":{"line":171,"column":null}},"62":{"start":{"line":162,"column":8},"end":{"line":162,"column":null}},"63":{"start":{"line":162,"column":36},"end":{"line":162,"column":null}},"64":{"start":{"line":163,"column":32},"end":{"line":163,"column":null}},"65":{"start":{"line":164,"column":30},"end":{"line":166,"column":null}},"66":{"start":{"line":165,"column":10},"end":{"line":165,"column":null}},"67":{"start":{"line":167,"column":8},"end":{"line":169,"column":null}},"68":{"start":{"line":168,"column":10},"end":{"line":168,"column":null}},"69":{"start":{"line":170,"column":8},"end":{"line":170,"column":null}},"70":{"start":{"line":174,"column":24},"end":{"line":174,"column":null}},"71":{"start":{"line":177,"column":6},"end":{"line":186,"column":null}},"72":{"start":{"line":178,"column":28},"end":{"line":178,"column":null}},"73":{"start":{"line":179,"column":8},"end":{"line":184,"column":null}},"74":{"start":{"line":183,"column":10},"end":{"line":183,"column":null}},"75":{"start":{"line":185,"column":8},"end":{"line":185,"column":null}},"76":{"start":{"line":185,"column":39},"end":{"line":185,"column":63}},"77":{"start":{"line":189,"column":6},"end":{"line":206,"column":null}},"78":{"start":{"line":190,"column":29},"end":{"line":190,"column":null}},"79":{"start":{"line":191,"column":8},"end":{"line":204,"column":null}},"80":{"start":{"line":192,"column":10},"end":{"line":203,"column":null}},"81":{"start":{"line":193,"column":12},"end":{"line":193,"column":null}},"82":{"start":{"line":193,"column":56},"end":{"line":193,"column":null}},"83":{"start":{"line":194,"column":32},"end":{"line":194,"column":null}},"84":{"start":{"line":195,"column":12},"end":{"line":201,"column":null}},"85":{"start":{"line":199,"column":14},"end":{"line":199,"column":null}},"86":{"start":{"line":200,"column":14},"end":{"line":200,"column":null}},"87":{"start":{"line":202,"column":12},"end":{"line":202,"column":null}},"88":{"start":{"line":202,"column":43},"end":{"line":202,"column":67}},"89":{"start":{"line":205,"column":8},"end":{"line":205,"column":null}},"90":{"start":{"line":205,"column":39},"end":{"line":205,"column":63}},"91":{"start":{"line":208,"column":6},"end":{"line":208,"column":null}},"92":{"start":{"line":208,"column":50},"end":{"line":208,"column":null}},"93":{"start":{"line":211,"column":6},"end":{"line":248,"column":null}},"94":{"start":{"line":212,"column":37},"end":{"line":215,"column":null}},"95":{"start":{"line":214,"column":12},"end":{"line":214,"column":null}},"96":{"start":{"line":217,"column":38},"end":{"line":217,"column":null}},"97":{"start":{"line":220,"column":8},"end":{"line":222,"column":null}},"98":{"start":{"line":221,"column":10},"end":{"line":221,"column":null}},"99":{"start":{"line":225,"column":8},"end":{"line":230,"column":null}},"100":{"start":{"line":226,"column":10},"end":{"line":229,"column":null}},"101":{"start":{"line":233,"column":8},"end":{"line":239,"column":null}},"102":{"start":{"line":234,"column":10},"end":{"line":237,"column":null}},"103":{"start":{"line":238,"column":10},"end":{"line":238,"column":null}},"104":{"start":{"line":238,"column":41},"end":{"line":238,"column":65}},"105":{"start":{"line":241,"column":8},"end":{"line":247,"column":null}},"106":{"start":{"line":242,"column":10},"end":{"line":245,"column":null}},"107":{"start":{"line":246,"column":10},"end":{"line":246,"column":null}},"108":{"start":{"line":251,"column":6},"end":{"line":251,"column":null}},"109":{"start":{"line":251,"column":37},"end":{"line":251,"column":62}},"110":{"start":{"line":254,"column":4},"end":{"line":261,"column":null}},"111":{"start":{"line":263,"column":4},"end":{"line":263,"column":null}},"112":{"start":{"line":264,"column":4},"end":{"line":271,"column":null}}},"fnMap":{"0":{"name":"(anonymous_0)","decl":{"start":{"line":12,"column":30},"end":{"line":12,"column":42}},"loc":{"start":{"line":12,"column":42},"end":{"line":273,"column":null}},"line":12},"1":{"name":"(anonymous_1)","decl":{"start":{"line":36,"column":41},"end":{"line":36,"column":42}},"loc":{"start":{"line":36,"column":48},"end":{"line":36,"column":57}},"line":36},"2":{"name":"(anonymous_2)","decl":{"start":{"line":66,"column":42},"end":{"line":66,"column":null}},"loc":{"start":{"line":69,"column":33},"end":{"line":106,"column":null}},"line":69},"3":{"name":"(anonymous_3)","decl":{"start":{"line":85,"column":28},"end":{"line":85,"column":29}},"loc":{"start":{"line":85,"column":41},"end":{"line":85,"column":65}},"line":85},"4":{"name":"(anonymous_4)","decl":{"start":{"line":91,"column":12},"end":{"line":91,"column":13}},"loc":{"start":{"line":92,"column":14},"end":{"line":94,"column":null}},"line":92},"5":{"name":"(anonymous_5)","decl":{"start":{"line":116,"column":8},"end":{"line":116,"column":9}},"loc":{"start":{"line":116,"column":15},"end":{"line":116,"column":null}},"line":116},"6":{"name":"(anonymous_6)","decl":{"start":{"line":137,"column":28},"end":{"line":137,"column":29}},"loc":{"start":{"line":137,"column":41},"end":{"line":137,"column":66}},"line":137},"7":{"name":"(anonymous_7)","decl":{"start":{"line":147,"column":32},"end":{"line":147,"column":33}},"loc":{"start":{"line":148,"column":8},"end":{"line":148,"column":null}},"line":148},"8":{"name":"(anonymous_8)","decl":{"start":{"line":148,"column":24},"end":{"line":148,"column":25}},"loc":{"start":{"line":148,"column":31},"end":{"line":148,"column":69}},"line":148},"9":{"name":"(anonymous_9)","decl":{"start":{"line":151,"column":29},"end":{"line":151,"column":30}},"loc":{"start":{"line":151,"column":58},"end":{"line":155,"column":null}},"line":151},"10":{"name":"(anonymous_10)","decl":{"start":{"line":158,"column":36},"end":{"line":158,"column":null}},"loc":{"start":{"line":161,"column":26},"end":{"line":171,"column":null}},"line":161},"11":{"name":"(anonymous_11)","decl":{"start":{"line":164,"column":42},"end":{"line":164,"column":43}},"loc":{"start":{"line":165,"column":10},"end":{"line":165,"column":null}},"line":165},"12":{"name":"(anonymous_12)","decl":{"start":{"line":185,"column":26},"end":{"line":185,"column":27}},"loc":{"start":{"line":185,"column":39},"end":{"line":185,"column":63}},"line":185},"13":{"name":"(anonymous_13)","decl":{"start":{"line":202,"column":30},"end":{"line":202,"column":31}},"loc":{"start":{"line":202,"column":43},"end":{"line":202,"column":67}},"line":202},"14":{"name":"(anonymous_14)","decl":{"start":{"line":205,"column":26},"end":{"line":205,"column":27}},"loc":{"start":{"line":205,"column":39},"end":{"line":205,"column":63}},"line":205},"15":{"name":"(anonymous_15)","decl":{"start":{"line":213,"column":10},"end":{"line":213,"column":11}},"loc":{"start":{"line":214,"column":12},"end":{"line":214,"column":null}},"line":214},"16":{"name":"(anonymous_16)","decl":{"start":{"line":238,"column":28},"end":{"line":238,"column":29}},"loc":{"start":{"line":238,"column":41},"end":{"line":238,"column":65}},"line":238},"17":{"name":"(anonymous_17)","decl":{"start":{"line":251,"column":24},"end":{"line":251,"column":25}},"loc":{"start":{"line":251,"column":37},"end":{"line":251,"column":62}},"line":251}},"branchMap":{"0":{"loc":{"start":{"line":24,"column":4},"end":{"line":32,"column":null}},"type":"if","locations":[{"start":{"line":24,"column":4},"end":{"line":32,"column":null}},{"start":{},"end":{}}],"line":24},"1":{"loc":{"start":{"line":55,"column":6},"end":{"line":60,"column":null}},"type":"if","locations":[{"start":{"line":55,"column":6},"end":{"line":60,"column":null}},{"start":{},"end":{}}],"line":55},"2":{"loc":{"start":{"line":70,"column":6},"end":{"line":70,"column":null}},"type":"if","locations":[{"start":{"line":70,"column":6},"end":{"line":70,"column":null}},{"start":{},"end":{}}],"line":70},"3":{"loc":{"start":{"line":75,"column":18},"end":{"line":75,"column":null}},"type":"binary-expr","locations":[{"start":{"line":75,"column":18},"end":{"line":75,"column":32}},{"start":{"line":75,"column":32},"end":{"line":75,"column":null}}],"line":75},"4":{"loc":{"start":{"line":78,"column":8},"end":{"line":78,"column":null}},"type":"if","locations":[{"start":{"line":78,"column":8},"end":{"line":78,"column":null}},{"start":{},"end":{}}],"line":78},"5":{"loc":{"start":{"line":82,"column":10},"end":{"line":82,"column":null}},"type":"if","locations":[{"start":{"line":82,"column":10},"end":{"line":82,"column":null}},{"start":{},"end":{}}],"line":82},"6":{"loc":{"start":{"line":87,"column":10},"end":{"line":87,"column":null}},"type":"if","locations":[{"start":{"line":87,"column":10},"end":{"line":87,"column":null}},{"start":{},"end":{}}],"line":87},"7":{"loc":{"start":{"line":92,"column":14},"end":{"line":94,"column":null}},"type":"binary-expr","locations":[{"start":{"line":92,"column":14},"end":{"line":92,"column":null}},{"start":{"line":93,"column":14},"end":{"line":93,"column":null}},{"start":{"line":94,"column":14},"end":{"line":94,"column":null}}],"line":92},"8":{"loc":{"start":{"line":97,"column":10},"end":{"line":99,"column":null}},"type":"if","locations":[{"start":{"line":97,"column":10},"end":{"line":99,"column":null}},{"start":{},"end":{}}],"line":97},"9":{"loc":{"start":{"line":120,"column":6},"end":{"line":140,"column":null}},"type":"if","locations":[{"start":{"line":120,"column":6},"end":{"line":140,"column":null}},{"start":{},"end":{}}],"line":120},"10":{"loc":{"start":{"line":122,"column":10},"end":{"line":122,"column":null}},"type":"if","locations":[{"start":{"line":122,"column":10},"end":{"line":122,"column":null}},{"start":{},"end":{}}],"line":122},"11":{"loc":{"start":{"line":129,"column":10},"end":{"line":135,"column":null}},"type":"if","locations":[{"start":{"line":129,"column":10},"end":{"line":135,"column":null}},{"start":{},"end":{}}],"line":129},"12":{"loc":{"start":{"line":144,"column":6},"end":{"line":144,"column":null}},"type":"if","locations":[{"start":{"line":144,"column":6},"end":{"line":144,"column":null}},{"start":{},"end":{}}],"line":144},"13":{"loc":{"start":{"line":148,"column":31},"end":{"line":148,"column":69}},"type":"binary-expr","locations":[{"start":{"line":148,"column":31},"end":{"line":148,"column":45}},{"start":{"line":148,"column":45},"end":{"line":148,"column":69}}],"line":148},"14":{"loc":{"start":{"line":162,"column":8},"end":{"line":162,"column":null}},"type":"if","locations":[{"start":{"line":162,"column":8},"end":{"line":162,"column":null}},{"start":{},"end":{}}],"line":162},"15":{"loc":{"start":{"line":162,"column":12},"end":{"line":162,"column":36}},"type":"binary-expr","locations":[{"start":{"line":162,"column":12},"end":{"line":162,"column":23}},{"start":{"line":162,"column":23},"end":{"line":162,"column":36}}],"line":162},"16":{"loc":{"start":{"line":167,"column":8},"end":{"line":169,"column":null}},"type":"if","locations":[{"start":{"line":167,"column":8},"end":{"line":169,"column":null}},{"start":{},"end":{}}],"line":167},"17":{"loc":{"start":{"line":167,"column":12},"end":{"line":167,"column":57}},"type":"binary-expr","locations":[{"start":{"line":167,"column":12},"end":{"line":167,"column":29}},{"start":{"line":167,"column":29},"end":{"line":167,"column":57}}],"line":167},"18":{"loc":{"start":{"line":177,"column":6},"end":{"line":186,"column":null}},"type":"if","locations":[{"start":{"line":177,"column":6},"end":{"line":186,"column":null}},{"start":{},"end":{}}],"line":177},"19":{"loc":{"start":{"line":179,"column":8},"end":{"line":184,"column":null}},"type":"if","locations":[{"start":{"line":179,"column":8},"end":{"line":184,"column":null}},{"start":{},"end":{}}],"line":179},"20":{"loc":{"start":{"line":180,"column":10},"end":{"line":181,"column":null}},"type":"binary-expr","locations":[{"start":{"line":180,"column":10},"end":{"line":180,"column":null}},{"start":{"line":181,"column":10},"end":{"line":181,"column":null}}],"line":180},"21":{"loc":{"start":{"line":189,"column":6},"end":{"line":206,"column":null}},"type":"if","locations":[{"start":{"line":189,"column":6},"end":{"line":206,"column":null}},{"start":{},"end":{}}],"line":189},"22":{"loc":{"start":{"line":191,"column":8},"end":{"line":204,"column":null}},"type":"if","locations":[{"start":{"line":191,"column":8},"end":{"line":204,"column":null}},{"start":{},"end":{}}],"line":191},"23":{"loc":{"start":{"line":193,"column":12},"end":{"line":193,"column":null}},"type":"if","locations":[{"start":{"line":193,"column":12},"end":{"line":193,"column":null}},{"start":{},"end":{}}],"line":193},"24":{"loc":{"start":{"line":195,"column":12},"end":{"line":201,"column":null}},"type":"if","locations":[{"start":{"line":195,"column":12},"end":{"line":201,"column":null}},{"start":{},"end":{}}],"line":195},"25":{"loc":{"start":{"line":196,"column":14},"end":{"line":197,"column":null}},"type":"binary-expr","locations":[{"start":{"line":196,"column":14},"end":{"line":196,"column":null}},{"start":{"line":197,"column":14},"end":{"line":197,"column":null}}],"line":196},"26":{"loc":{"start":{"line":208,"column":6},"end":{"line":208,"column":null}},"type":"if","locations":[{"start":{"line":208,"column":6},"end":{"line":208,"column":null}},{"start":{},"end":{}}],"line":208},"27":{"loc":{"start":{"line":208,"column":10},"end":{"line":208,"column":50}},"type":"binary-expr","locations":[{"start":{"line":208,"column":10},"end":{"line":208,"column":26}},{"start":{"line":208,"column":26},"end":{"line":208,"column":50}}],"line":208},"28":{"loc":{"start":{"line":220,"column":8},"end":{"line":222,"column":null}},"type":"if","locations":[{"start":{"line":220,"column":8},"end":{"line":222,"column":null}},{"start":{},"end":{}}],"line":220},"29":{"loc":{"start":{"line":220,"column":12},"end":{"line":220,"column":67}},"type":"binary-expr","locations":[{"start":{"line":220,"column":12},"end":{"line":220,"column":36}},{"start":{"line":220,"column":36},"end":{"line":220,"column":67}}],"line":220},"30":{"loc":{"start":{"line":225,"column":8},"end":{"line":230,"column":null}},"type":"if","locations":[{"start":{"line":225,"column":8},"end":{"line":230,"column":null}},{"start":{},"end":{}}],"line":225},"31":{"loc":{"start":{"line":225,"column":12},"end":{"line":225,"column":43}},"type":"binary-expr","locations":[{"start":{"line":225,"column":12},"end":{"line":225,"column":25}},{"start":{"line":225,"column":25},"end":{"line":225,"column":43}}],"line":225},"32":{"loc":{"start":{"line":233,"column":8},"end":{"line":239,"column":null}},"type":"if","locations":[{"start":{"line":233,"column":8},"end":{"line":239,"column":null}},{"start":{},"end":{}}],"line":233},"33":{"loc":{"start":{"line":233,"column":12},"end":{"line":233,"column":43}},"type":"binary-expr","locations":[{"start":{"line":233,"column":12},"end":{"line":233,"column":25}},{"start":{"line":233,"column":25},"end":{"line":233,"column":43}}],"line":233},"34":{"loc":{"start":{"line":241,"column":8},"end":{"line":247,"column":null}},"type":"if","locations":[{"start":{"line":241,"column":8},"end":{"line":247,"column":null}},{"start":{},"end":{}}],"line":241},"35":{"loc":{"start":{"line":268,"column":15},"end":{"line":268,"column":null}},"type":"cond-expr","locations":[{"start":{"line":268,"column":40},"end":{"line":268,"column":56}},{"start":{"line":268,"column":56},"end":{"line":268,"column":null}}],"line":268}},"s":{"0":0,"1":0,"2":0,"3":0,"4":0,"5":0,"6":0,"7":0,"8":0,"9":0,"10":0,"11":0,"12":0,"13":0,"14":0,"15":0,"16":0,"17":0,"18":0,"19":0,"20":0,"21":0,"22":0,"23":0,"24":0,"25":0,"26":0,"27":0,"28":0,"29":0,"30":0,"31":0,"32":0,"33":0,"34":0,"35":0,"36":0,"37":0,"38":0,"39":0,"40":0,"41":0,"42":0,"43":0,"44":0,"45":0,"46":0,"47":0,"48":0,"49":0,"50":0,"51":0,"52":0,"53":0,"54":0,"55":0,"56":0,"57":0,"58":0,"59":0,"60":0,"61":0,"62":0,"63":0,"64":0,"65":0,"66":0,"67":0,"68":0,"69":0,"70":0,"71":0,"72":0,"73":0,"74":0,"75":0,"76":0,"77":0,"78":0,"79":0,"80":0,"81":0,"82":0,"83":0,"84":0,"85":0,"86":0,"87":0,"88":0,"89":0,"90":0,"91":0,"92":0,"93":0,"94":0,"95":0,"96":0,"97":0,"98":0,"99":0,"100":0,"101":0,"102":0,"103":0,"104":0,"105":0,"106":0,"107":0,"108":0,"109":0,"110":0,"111":0,"112":0},"f":{"0":0,"1":0,"2":0,"3":0,"4":0,"5":0,"6":0,"7":0,"8":0,"9":0,"10":0,"11":0,"12":0,"13":0,"14":0,"15":0,"16":0,"17":0},"b":{"0":[0,0],"1":[0,0],"2":[0,0],"3":[0,0],"4":[0,0],"5":[0,0],"6":[0,0],"7":[0,0,0],"8":[0,0],"9":[0,0],"10":[0,0],"11":[0,0],"12":[0,0],"13":[0,0],"14":[0,0],"15":[0,0],"16":[0,0],"17":[0,0],"18":[0,0],"19":[0,0],"20":[0,0],"21":[0,0],"22":[0,0],"23":[0,0],"24":[0,0],"25":[0,0],"26":[0,0],"27":[0,0],"28":[0,0],"29":[0,0],"30":[0,0],"31":[0,0],"32":[0,0],"33":[0,0],"34":[0,0],"35":[0,0]},"meta":{"lastBranch":36,"lastFunction":18,"lastStatement":113,"seen":{"s:12:30:273:Infinity":0,"f:12:30:12:42":0,"s:13:2:272:Infinity":1,"s:15:35:22:Infinity":2,"b:24:4:32:Infinity:undefined:undefined:undefined:undefined":0,"s:24:4:32:Infinity":3,"s:25:6:31:Infinity":4,"s:35:27:37:Infinity":5,"f:36:41:36:42":1,"s:36:48:36:57":6,"s:43:8:43:Infinity":7,"s:44:4:61:Infinity":8,"s:45:24:53:Infinity":9,"b:55:6:60:Infinity:undefined:undefined:undefined:undefined":1,"s:55:6:60:Infinity":10,"s:56:8:59:Infinity":11,"s:63:23:63:Infinity":12,"s:66:42:106:Infinity":13,"f:66:42:66:Infinity":2,"b:70:6:70:Infinity:undefined:undefined:undefined:undefined":2,"s:70:6:70:Infinity":14,"s:70:23:70:Infinity":15,"s:72:6:103:Infinity":16,"s:73:30:76:Infinity":17,"b:75:18:75:32:75:32:75:Infinity":3,"b:78:8:78:Infinity:undefined:undefined:undefined:undefined":4,"s:78:8:78:Infinity":18,"s:78:45:78:Infinity":19,"s:81:8:100:Infinity":20,"b:82:10:82:Infinity:undefined:undefined:undefined:undefined":5,"s:82:10:82:Infinity":21,"s:82:26:82:Infinity":22,"s:84:30:84:Infinity":23,"s:85:10:85:Infinity":24,"f:85:28:85:29":3,"s:85:41:85:65":25,"b:87:10:87:Infinity:undefined:undefined:undefined:undefined":6,"s:87:10:87:Infinity":26,"s:87:39:87:Infinity":27,"s:90:32:95:Infinity":28,"f:91:12:91:13":4,"s:92:14:94:Infinity":29,"b:92:14:92:Infinity:93:14:93:Infinity:94:14:94:Infinity":7,"b:97:10:99:Infinity:undefined:undefined:undefined:undefined":8,"s:97:10:99:Infinity":30,"s:98:12:98:Infinity":31,"s:102:8:102:Infinity":32,"s:105:6:105:Infinity":33,"s:109:4:252:Infinity":34,"s:110:24:110:Infinity":35,"s:111:24:111:Infinity":36,"s:112:25:112:Infinity":37,"s:115:26:117:Infinity":38,"f:116:8:116:9":5,"s:116:15:116:Infinity":39,"b:120:6:140:Infinity:undefined:undefined:undefined:undefined":9,"s:120:6:140:Infinity":40,"s:121:8:138:Infinity":41,"b:122:10:122:Infinity:undefined:undefined:undefined:undefined":10,"s:122:10:122:Infinity":42,"s:122:33:122:Infinity":43,"s:124:27:127:Infinity":44,"b:129:10:135:Infinity:undefined:undefined:undefined:undefined":11,"s:129:10:135:Infinity":45,"s:130:12:133:Infinity":46,"s:134:12:134:Infinity":47,"s:137:10:137:Infinity":48,"f:137:28:137:29":6,"s:137:41:137:66":49,"s:139:8:139:Infinity":50,"s:143:25:143:Infinity":51,"b:144:6:144:Infinity:undefined:undefined:undefined:undefined":12,"s:144:6:144:Infinity":52,"s:144:23:144:Infinity":53,"s:147:32:148:Infinity":54,"f:147:32:147:33":7,"s:148:8:148:Infinity":55,"f:148:24:148:25":8,"s:148:31:148:69":56,"b:148:31:148:45:148:45:148:69":13,"s:151:29:155:Infinity":57,"f:151:29:151:30":9,"s:152:21:152:Infinity":58,"s:153:21:153:Infinity":59,"s:154:8:154:Infinity":60,"s:158:36:171:Infinity":61,"f:158:36:158:Infinity":10,"b:162:8:162:Infinity:undefined:undefined:undefined:undefined":14,"s:162:8:162:Infinity":62,"b:162:12:162:23:162:23:162:36":15,"s:162:36:162:Infinity":63,"s:163:32:163:Infinity":64,"s:164:30:166:Infinity":65,"f:164:42:164:43":11,"s:165:10:165:Infinity":66,"b:167:8:169:Infinity:undefined:undefined:undefined:undefined":16,"s:167:8:169:Infinity":67,"b:167:12:167:29:167:29:167:57":17,"s:168:10:168:Infinity":68,"s:170:8:170:Infinity":69,"s:174:24:174:Infinity":70,"b:177:6:186:Infinity:undefined:undefined:undefined:undefined":18,"s:177:6:186:Infinity":71,"s:178:28:178:Infinity":72,"b:179:8:184:Infinity:undefined:undefined:undefined:undefined":19,"s:179:8:184:Infinity":73,"b:180:10:180:Infinity:181:10:181:Infinity":20,"s:183:10:183:Infinity":74,"s:185:8:185:Infinity":75,"f:185:26:185:27":12,"s:185:39:185:63":76,"b:189:6:206:Infinity:undefined:undefined:undefined:undefined":21,"s:189:6:206:Infinity":77,"s:190:29:190:Infinity":78,"b:191:8:204:Infinity:undefined:undefined:undefined:undefined":22,"s:191:8:204:Infinity":79,"s:192:10:203:Infinity":80,"b:193:12:193:Infinity:undefined:undefined:undefined:undefined":23,"s:193:12:193:Infinity":81,"s:193:56:193:Infinity":82,"s:194:32:194:Infinity":83,"b:195:12:201:Infinity:undefined:undefined:undefined:undefined":24,"s:195:12:201:Infinity":84,"b:196:14:196:Infinity:197:14:197:Infinity":25,"s:199:14:199:Infinity":85,"s:200:14:200:Infinity":86,"s:202:12:202:Infinity":87,"f:202:30:202:31":13,"s:202:43:202:67":88,"s:205:8:205:Infinity":89,"f:205:26:205:27":14,"s:205:39:205:63":90,"b:208:6:208:Infinity:undefined:undefined:undefined:undefined":26,"s:208:6:208:Infinity":91,"b:208:10:208:26:208:26:208:50":27,"s:208:50:208:Infinity":92,"s:211:6:248:Infinity":93,"s:212:37:215:Infinity":94,"f:213:10:213:11":15,"s:214:12:214:Infinity":95,"s:217:38:217:Infinity":96,"b:220:8:222:Infinity:undefined:undefined:undefined:undefined":28,"s:220:8:222:Infinity":97,"b:220:12:220:36:220:36:220:67":29,"s:221:10:221:Infinity":98,"b:225:8:230:Infinity:undefined:undefined:undefined:undefined":30,"s:225:8:230:Infinity":99,"b:225:12:225:25:225:25:225:43":31,"s:226:10:229:Infinity":100,"b:233:8:239:Infinity:undefined:undefined:undefined:undefined":32,"s:233:8:239:Infinity":101,"b:233:12:233:25:233:25:233:43":33,"s:234:10:237:Infinity":102,"s:238:10:238:Infinity":103,"f:238:28:238:29":16,"s:238:41:238:65":104,"b:241:8:247:Infinity:undefined:undefined:undefined:undefined":34,"s:241:8:247:Infinity":105,"s:242:10:245:Infinity":106,"s:246:10:246:Infinity":107,"s:251:6:251:Infinity":108,"f:251:24:251:25":17,"s:251:37:251:62":109,"s:254:4:261:Infinity":110,"s:263:4:263:Infinity":111,"s:264:4:271:Infinity":112,"b:268:40:268:56:268:56:268:Infinity":35}}}
,"/Users/kevinwynn/Code/disco/src/pages/api/discogs/search.ts": {"path":"/Users/kevinwynn/Code/disco/src/pages/api/discogs/search.ts","statementMap":{"0":{"start":{"line":3,"column":17},"end":{"line":3,"column":null}},"1":{"start":{"line":5,"column":29},"end":{"line":36,"column":null}},"2":{"start":{"line":6,"column":14},"end":{"line":6,"column":null}},"3":{"start":{"line":7,"column":16},"end":{"line":7,"column":null}},"4":{"start":{"line":8,"column":15},"end":{"line":8,"column":null}},"5":{"start":{"line":10,"column":2},"end":{"line":15,"column":null}},"6":{"start":{"line":11,"column":4},"end":{"line":14,"column":null}},"7":{"start":{"line":17,"column":20},"end":{"line":19,"column":null}},"8":{"start":{"line":21,"column":14},"end":{"line":28,"column":null}},"9":{"start":{"line":30,"column":15},"end":{"line":30,"column":null}},"10":{"start":{"line":32,"column":2},"end":{"line":35,"column":null}}},"fnMap":{"0":{"name":"(anonymous_0)","decl":{"start":{"line":5,"column":29},"end":{"line":5,"column":36}},"loc":{"start":{"line":5,"column":52},"end":{"line":36,"column":null}},"line":5}},"branchMap":{"0":{"loc":{"start":{"line":8,"column":15},"end":{"line":8,"column":null}},"type":"binary-expr","locations":[{"start":{"line":8,"column":15},"end":{"line":8,"column":47}},{"start":{"line":8,"column":47},"end":{"line":8,"column":null}}],"line":8},"1":{"loc":{"start":{"line":10,"column":2},"end":{"line":15,"column":null}},"type":"if","locations":[{"start":{"line":10,"column":2},"end":{"line":15,"column":null}},{"start":{},"end":{}}],"line":10}},"s":{"0":0,"1":0,"2":0,"3":0,"4":0,"5":0,"6":0,"7":0,"8":0,"9":0,"10":0},"f":{"0":0},"b":{"0":[0,0],"1":[0,0]},"meta":{"lastBranch":2,"lastFunction":1,"lastStatement":11,"seen":{"s:3:17:3:Infinity":0,"s:5:29:36:Infinity":1,"f:5:29:5:36":0,"s:6:14:6:Infinity":2,"s:7:16:7:Infinity":3,"s:8:15:8:Infinity":4,"b:8:15:8:47:8:47:8:Infinity":0,"b:10:2:15:Infinity:undefined:undefined:undefined:undefined":1,"s:10:2:15:Infinity":5,"s:11:4:14:Infinity":6,"s:17:20:19:Infinity":7,"s:21:14:28:Infinity":8,"s:30:15:30:Infinity":9,"s:32:2:35:Infinity":10}}}
,"/Users/kevinwynn/Code/disco/src/store/Search.ts": {"path":"/Users/kevinwynn/Code/disco/src/store/Search.ts","statementMap":{"0":{"start":{"line":4,"column":46},"end":{"line":16,"column":null}},"1":{"start":{"line":18,"column":13},"end":{"line":18,"column":null}},"2":{"start":{"line":19,"column":13},"end":{"line":19,"column":null}}},"fnMap":{},"branchMap":{},"s":{"0":1,"1":1,"2":1},"f":{},"b":{},"meta":{"lastBranch":0,"lastFunction":0,"lastStatement":3,"seen":{"s:4:46:16:Infinity":0,"s:18:13:18:Infinity":1,"s:19:13:19:Infinity":2}}}
,"/Users/kevinwynn/Code/disco/src/types/album.ts": {"path":"/Users/kevinwynn/Code/disco/src/types/album.ts","statementMap":{},"fnMap":{},"branchMap":{},"s":{},"f":{},"b":{},"meta":{"lastBranch":0,"lastFunction":0,"lastStatement":0,"seen":{}}}
,"/Users/kevinwynn/Code/disco/src/types/search.ts": {"path":"/Users/kevinwynn/Code/disco/src/types/search.ts","statementMap":{},"fnMap":{},"branchMap":{},"s":{},"f":{},"b":{},"meta":{"lastBranch":0,"lastFunction":0,"lastStatement":0,"seen":{}}}
,"/Users/kevinwynn/Code/disco/src/util/string.ts": {"path":"/Users/kevinwynn/Code/disco/src/util/string.ts","statementMap":{"0":{"start":{"line":1,"column":34},"end":{"line":3,"column":null}},"1":{"start":{"line":2,"column":2},"end":{"line":2,"column":null}}},"fnMap":{"0":{"name":"(anonymous_0)","decl":{"start":{"line":1,"column":34},"end":{"line":1,"column":35}},"loc":{"start":{"line":1,"column":52},"end":{"line":3,"column":null}},"line":1}},"branchMap":{},"s":{"0":1,"1":7},"f":{"0":7},"b":{},"meta":{"lastBranch":0,"lastFunction":1,"lastStatement":2,"seen":{"s:1:34:3:Infinity":0,"f:1:34:1:35":0,"s:2:2:2:Infinity":1}}}
}
